

times in msec
 clock   self+sourced   self:  sourced script
 clock   elapsed:              other lines

000.017  000.017: --- NVIM STARTING ---
000.582  000.565: locale set
001.193  000.611: inits 1
001.218  000.024: window checked
008.911  007.693: parsing arguments
009.250  000.339: expanding arguments
009.296  000.046: inits 2
010.550  001.254: init highlight
010.555  000.005: waiting for UI
012.286  001.731: done waiting for UI
012.339  000.053: init screen for UI
012.411  000.072: init default mappings
012.651  000.239: init default autocommands
017.789  003.940  003.940: sourcing /home/asalah007/.config/nvim/autoload/plug.vim
041.117  000.058  000.058: sourcing /home/asalah007/.config/nvim/plugins/LuaSnip/ftdetect/snippets.vim
041.879  015.846  015.788: sourcing /snap/nvim/1722/usr/share/nvim/runtime/filetype.vim
042.228  000.105  000.105: sourcing /snap/nvim/1722/usr/share/nvim/runtime/ftplugin.vim
042.476  000.074  000.074: sourcing /snap/nvim/1722/usr/share/nvim/runtime/indent.vim
042.960  000.207  000.207: sourcing /snap/nvim/1722/usr/share/nvim/runtime/syntax/synload.vim
043.156  000.579  000.372: sourcing /snap/nvim/1722/usr/share/nvim/runtime/syntax/syntax.vim
043.267  000.031  000.031: sourcing /home/asalah007/.config/nvim/vim/ps.vim
085.187  041.878  041.878: sourcing /home/asalah007/.config/nvim/req.lua
096.870  011.405  011.405: sourcing /home/asalah007/.config/nvim/plugins/onehalf/vim/colors/onehalfdark.vim
096.920  011.644  000.239: sourcing /home/asalah007/.config/nvim/vim/options.vim
097.075  000.094  000.094: sourcing /home/asalah007/.config/nvim/vim/mappings.vim
097.090  084.305  010.114: sourcing /home/asalah007/.config/nvim/init.vim
097.104  000.148: sourcing vimrc file(s)
098.030  000.289  000.289: sourcing /home/asalah007/.config/nvim/plugins/scratch.vim/plugin/scratch.vim
098.415  000.237  000.237: sourcing /home/asalah007/.config/nvim/plugins/nvim-lspconfig/plugin/lspconfig.vim
098.801  000.246  000.246: sourcing /home/asalah007/.config/nvim/plugins/nvim-lsp-installer/plugin/nvim-lsp-installer.vim
113.322  014.254  014.254: sourcing /home/asalah007/.config/nvim/plugins/LuaSnip/plugin/luasnip.vim
114.625  000.551  000.551: sourcing /snap/nvim/1722/usr/share/nvim/runtime/plugin/gzip.vim
114.699  000.029  000.029: sourcing /snap/nvim/1722/usr/share/nvim/runtime/plugin/health.vim
114.919  000.188  000.188: sourcing /snap/nvim/1722/usr/share/nvim/runtime/plugin/man.vim
116.251  000.518  000.518: sourcing /snap/nvim/1722/usr/share/nvim/runtime/pack/dist/opt/matchit/plugin/matchit.vim
116.486  001.521  001.003: sourcing /snap/nvim/1722/usr/share/nvim/runtime/plugin/matchit.vim
116.947  000.422  000.422: sourcing /snap/nvim/1722/usr/share/nvim/runtime/plugin/matchparen.vim
118.096  001.103  001.103: sourcing /snap/nvim/1722/usr/share/nvim/runtime/plugin/netrwPlugin.vim
118.656  000.467  000.467: sourcing /snap/nvim/1722/usr/share/nvim/runtime/plugin/rplugin.vim
119.028  000.305  000.305: sourcing /snap/nvim/1722/usr/share/nvim/runtime/plugin/shada.vim
119.158  000.062  000.062: sourcing /snap/nvim/1722/usr/share/nvim/runtime/plugin/spellfile.vim
119.573  000.365  000.365: sourcing /snap/nvim/1722/usr/share/nvim/runtime/plugin/tarPlugin.vim
119.878  000.239  000.239: sourcing /snap/nvim/1722/usr/share/nvim/runtime/plugin/tohtml.vim
119.979  000.051  000.051: sourcing /snap/nvim/1722/usr/share/nvim/runtime/plugin/tutor.vim
120.464  000.439  000.439: sourcing /snap/nvim/1722/usr/share/nvim/runtime/plugin/zipPlugin.vim
123.749  002.726  002.726: sourcing /home/asalah007/.config/nvim/plugins/nvim-cmp/plugin/cmp.lua
124.323  003.726: loading rtp plugins
124.641  000.318: loading packages
125.260  000.160  000.160: sourcing /home/asalah007/.config/nvim/plugins/cmp-nvim-lsp/after/plugin/cmp_nvim_lsp.lua
126.371  000.972  000.972: sourcing /home/asalah007/.config/nvim/plugins/cmp-buffer/after/plugin/cmp_buffer.lua
126.977  000.449  000.449: sourcing /home/asalah007/.config/nvim/plugins/cmp-path/after/plugin/cmp_path.lua
127.563  000.416  000.416: sourcing /home/asalah007/.config/nvim/plugins/cmp-cmdline/after/plugin/cmp_cmdline.lua
128.284  000.518  000.518: sourcing /home/asalah007/.config/nvim/plugins/cmp_luasnip/after/plugin/cmp_luasnip.lua
128.296  001.140: loading after plugins
128.329  000.032: inits 3
136.116  007.788: reading ShaDa
136.435  000.319: opening buffers
136.523  000.088: BufEnter autocommands
136.528  000.005: editing files in windows
136.731  000.202: VimEnter autocommands
136.740  000.009: UIEnter autocommands
137.548  000.609  000.609: sourcing /snap/nvim/1722/usr/share/nvim/runtime/autoload/provider/clipboard.vim
137.566  000.217: before starting main loop
138.819  001.254: first screen update
138.825  000.006: --- NVIM STARTED ---
